{
  "RSpec": {
    "coverage": {
      "/Users/jmilam/Desktop/rails/workout_randomizer/config/environment.rb": {
        "lines": [
          null,
          1,
          null,
          null,
          1
        ]
      },
      "/Users/jmilam/Desktop/rails/workout_randomizer/config/application.rb": {
        "lines": [
          1,
          null,
          1,
          null,
          null,
          null,
          1,
          null,
          1,
          1,
          null,
          1,
          null,
          1,
          1,
          null,
          null,
          null,
          1,
          1,
          null,
          null,
          null,
          null,
          null,
          null,
          null,
          null,
          null,
          null
        ]
      },
      "/Users/jmilam/Desktop/rails/workout_randomizer/config/boot.rb": {
        "lines": [
          1,
          null,
          1
        ]
      },
      "/Users/jmilam/Desktop/rails/workout_randomizer/config/environments/test.rb": {
        "lines": [
          1,
          null,
          null,
          null,
          null,
          null,
          null,
          1,
          null,
          null,
          null,
          null,
          1,
          null,
          null,
          1,
          1,
          null,
          null,
          null,
          null,
          1,
          1,
          null,
          null,
          1,
          null,
          null,
          1,
          1,
          null,
          null,
          null,
          null,
          1,
          null,
          null,
          1,
          1,
          null,
          null,
          1,
          null
        ]
      },
      "/Users/jmilam/Desktop/rails/workout_randomizer/config/initializers/after_party.rb": {
        "lines": [
          1,
          null,
          null,
          null,
          null,
          1,
          null
        ]
      },
      "/Users/jmilam/Desktop/rails/workout_randomizer/config/initializers/application_controller_renderer.rb": {
        "lines": [
          null,
          null,
          null,
          null,
          null,
          null,
          null,
          null
        ]
      },
      "/Users/jmilam/Desktop/rails/workout_randomizer/config/initializers/assets.rb": {
        "lines": [
          null,
          null,
          null,
          1,
          null,
          null,
          null,
          null,
          1,
          null,
          null,
          null,
          null,
          null,
          1
        ]
      },
      "/Users/jmilam/Desktop/rails/workout_randomizer/config/initializers/backtrace_silencers.rb": {
        "lines": [
          null,
          null,
          null,
          null,
          null,
          null,
          null
        ]
      },
      "/Users/jmilam/Desktop/rails/workout_randomizer/config/initializers/cookies_serializer.rb": {
        "lines": [
          null,
          null,
          null,
          null,
          1
        ]
      },
      "/Users/jmilam/Desktop/rails/workout_randomizer/config/initializers/devise.rb": {
        "lines": [
          null,
          null,
          null,
          null,
          1,
          null,
          null,
          null,
          null,
          null,
          1,
          null,
          null,
          null,
          null,
          null,
          null,
          null,
          null,
          1,
          null,
          null,
          null,
          null,
          null,
          null,
          null,
          null,
          null,
          null,
          null,
          1,
          null,
          null,
          null,
          null,
          null,
          null,
          null,
          null,
          null,
          null,
          null,
          null,
          null,
          null,
          null,
          null,
          null,
          null,
          null,
          null,
          null,
          1,
          null,
          null,
          null,
          null,
          1,
          null,
          null,
          null,
          null,
          null,
          null,
          null,
          null,
          null,
          null,
          null,
          null,
          null,
          null,
          null,
          null,
          null,
          null,
          null,
          null,
          null,
          null,
          null,
          null,
          null,
          null,
          null,
          null,
          null,
          null,
          1,
          null,
          null,
          null,
          null,
          null,
          null,
          null,
          null,
          null,
          null,
          null,
          null,
          null,
          null,
          null,
          null,
          null,
          null,
          null,
          null,
          null,
          null,
          1,
          null,
          null,
          null,
          null,
          null,
          null,
          null,
          null,
          null,
          null,
          null,
          null,
          null,
          null,
          null,
          null,
          null,
          null,
          null,
          null,
          null,
          null,
          null,
          null,
          null,
          null,
          null,
          null,
          null,
          null,
          1,
          null,
          null,
          null,
          null,
          null,
          null,
          null,
          null,
          null,
          1,
          null,
          null,
          null,
          null,
          null,
          null,
          null,
          null,
          null,
          null,
          1,
          null,
          null,
          null,
          null,
          1,
          null,
          null,
          null,
          null,
          null,
          null,
          null,
          null,
          null,
          null,
          null,
          null,
          null,
          null,
          null,
          null,
          null,
          null,
          null,
          null,
          null,
          null,
          null,
          null,
          null,
          null,
          null,
          null,
          null,
          null,
          null,
          null,
          null,
          null,
          null,
          null,
          null,
          null,
          null,
          null,
          1,
          null,
          null,
          null,
          null,
          null,
          null,
          null,
          null,
          null,
          null,
          null,
          null,
          null,
          null,
          null,
          null,
          null,
          null,
          null,
          null,
          null,
          null,
          null,
          null,
          null,
          null,
          null,
          null,
          null,
          null,
          null,
          null,
          null,
          null,
          null,
          null,
          null,
          null,
          null,
          null,
          null,
          1,
          null,
          null,
          null,
          null,
          null,
          null,
          null,
          null,
          null,
          null,
          null,
          null,
          null,
          null,
          null,
          null,
          null,
          null,
          null,
          null,
          null,
          null,
          null,
          null,
          null,
          null,
          null,
          null,
          null
        ]
      },
      "/Users/jmilam/Desktop/rails/workout_randomizer/config/initializers/filter_parameter_logging.rb": {
        "lines": [
          null,
          null,
          null,
          1
        ]
      },
      "/Users/jmilam/Desktop/rails/workout_randomizer/config/initializers/inflections.rb": {
        "lines": [
          null,
          null,
          null,
          null,
          null,
          null,
          null,
          null,
          null,
          null,
          null,
          null,
          null,
          null,
          null,
          null
        ]
      },
      "/Users/jmilam/Desktop/rails/workout_randomizer/config/initializers/koala.rb": {
        "lines": [
          1,
          null,
          null,
          null,
          null,
          null,
          null,
          null
        ]
      },
      "/Users/jmilam/Desktop/rails/workout_randomizer/config/initializers/mime_types.rb": {
        "lines": [
          null,
          null,
          null,
          null
        ]
      },
      "/Users/jmilam/Desktop/rails/workout_randomizer/config/initializers/paperclip.rb": {
        "lines": [
          1,
          1
        ]
      },
      "/Users/jmilam/Desktop/rails/workout_randomizer/config/initializers/wrap_parameters.rb": {
        "lines": [
          null,
          null,
          null,
          null,
          null,
          null,
          1,
          2,
          null,
          null,
          null,
          null,
          null,
          null
        ]
      },
      "/Users/jmilam/Desktop/rails/workout_randomizer/spec/factories/blogs.rb": {
        "lines": [
          1,
          1,
          null,
          null,
          null
        ]
      },
      "/Users/jmilam/Desktop/rails/workout_randomizer/spec/factories/categories.rb": {
        "lines": [
          1,
          1,
          1,
          1,
          1,
          null,
          null
        ]
      },
      "/Users/jmilam/Desktop/rails/workout_randomizer/spec/factories/common_equipment.rb": {
        "lines": [
          1,
          1,
          2,
          null,
          null
        ]
      },
      "/Users/jmilam/Desktop/rails/workout_randomizer/spec/factories/common_exercise.rb": {
        "lines": [
          1,
          1,
          1,
          2,
          null,
          null
        ]
      },
      "/Users/jmilam/Desktop/rails/workout_randomizer/spec/factories/exercise.rb": {
        "lines": [
          1,
          1,
          1,
          1,
          1,
          1,
          null,
          null
        ]
      },
      "/Users/jmilam/Desktop/rails/workout_randomizer/spec/factories/exercise_circuit.rb": {
        "lines": [
          1,
          1,
          null,
          null
        ]
      },
      "/Users/jmilam/Desktop/rails/workout_randomizer/spec/factories/fitness_classes.rb": {
        "lines": [
          1,
          1,
          null,
          null,
          null
        ]
      },
      "/Users/jmilam/Desktop/rails/workout_randomizer/spec/factories/goals.rb": {
        "lines": [
          1,
          1,
          null,
          null,
          null
        ]
      },
      "/Users/jmilam/Desktop/rails/workout_randomizer/spec/factories/gym.rb": {
        "lines": [
          1,
          1,
          1,
          1,
          1,
          1,
          1,
          1,
          null,
          null
        ]
      },
      "/Users/jmilam/Desktop/rails/workout_randomizer/spec/factories/gym_admins.rb": {
        "lines": [
          1,
          1,
          null,
          null,
          null
        ]
      },
      "/Users/jmilam/Desktop/rails/workout_randomizer/spec/factories/inboxes.rb": {
        "lines": [
          1,
          1,
          null,
          null
        ]
      },
      "/Users/jmilam/Desktop/rails/workout_randomizer/spec/factories/kiosks.rb": {
        "lines": [
          1,
          1,
          null,
          null
        ]
      },
      "/Users/jmilam/Desktop/rails/workout_randomizer/spec/factories/likes.rb": {
        "lines": [
          1,
          1,
          null,
          null,
          null
        ]
      },
      "/Users/jmilam/Desktop/rails/workout_randomizer/spec/factories/measurements.rb": {
        "lines": [
          1,
          1,
          null,
          null,
          null
        ]
      },
      "/Users/jmilam/Desktop/rails/workout_randomizer/spec/factories/message_groups.rb": {
        "lines": [
          1,
          1,
          null,
          null
        ]
      },
      "/Users/jmilam/Desktop/rails/workout_randomizer/spec/factories/messages.rb": {
        "lines": [
          1,
          1,
          null,
          null
        ]
      },
      "/Users/jmilam/Desktop/rails/workout_randomizer/spec/factories/super_sets.rb": {
        "lines": [
          1,
          1,
          null,
          null
        ]
      },
      "/Users/jmilam/Desktop/rails/workout_randomizer/spec/factories/tasks.rb": {
        "lines": [
          1,
          1,
          null,
          null,
          null
        ]
      },
      "/Users/jmilam/Desktop/rails/workout_randomizer/spec/factories/time_cards.rb": {
        "lines": [
          1,
          1,
          null,
          null,
          null
        ]
      },
      "/Users/jmilam/Desktop/rails/workout_randomizer/spec/factories/trainers.rb": {
        "lines": [
          1,
          1,
          null,
          null,
          null
        ]
      },
      "/Users/jmilam/Desktop/rails/workout_randomizer/spec/factories/user.rb": {
        "lines": [
          1,
          1,
          1,
          1,
          1,
          1,
          1,
          1,
          1,
          1,
          1,
          1,
          1,
          null,
          null
        ]
      },
      "/Users/jmilam/Desktop/rails/workout_randomizer/spec/factories/user_notes.rb": {
        "lines": [
          1,
          1,
          null,
          null,
          null
        ]
      },
      "/Users/jmilam/Desktop/rails/workout_randomizer/spec/factories/user_previous_workout.rb": {
        "lines": [
          1,
          1,
          1,
          1,
          1,
          null,
          null
        ]
      },
      "/Users/jmilam/Desktop/rails/workout_randomizer/spec/factories/wods.rb": {
        "lines": [
          1,
          1,
          null,
          null,
          null
        ]
      },
      "/Users/jmilam/Desktop/rails/workout_randomizer/spec/factories/workout.rb": {
        "lines": [
          1,
          1,
          1,
          1,
          1,
          1,
          1,
          null,
          null
        ]
      },
      "/Users/jmilam/Desktop/rails/workout_randomizer/spec/factories/workout_detail.rb": {
        "lines": [
          1,
          1,
          1,
          1,
          1,
          null,
          null
        ]
      },
      "/Users/jmilam/Desktop/rails/workout_randomizer/spec/factories/workout_group_pairings.rb": {
        "lines": [
          1,
          1,
          null,
          null,
          null
        ]
      },
      "/Users/jmilam/Desktop/rails/workout_randomizer/spec/factories/workout_group_specified_days.rb": {
        "lines": [
          1,
          1,
          null,
          null,
          null
        ]
      },
      "/Users/jmilam/Desktop/rails/workout_randomizer/spec/factories/workout_groups.rb": {
        "lines": [
          1,
          1,
          1,
          1,
          null,
          null
        ]
      },
      "/Users/jmilam/Desktop/rails/workout_randomizer/config/routes.rb": {
        "lines": [
          1,
          1,
          null,
          1,
          1,
          1,
          1,
          null,
          1,
          1,
          1,
          1,
          1,
          1,
          null,
          1,
          null,
          1,
          1,
          1,
          1,
          1,
          1,
          null,
          1,
          1,
          null,
          1,
          null,
          1,
          1,
          null,
          1,
          1,
          null,
          1,
          1,
          1,
          1,
          1,
          1,
          null,
          1,
          1,
          null,
          1,
          1,
          null,
          1,
          null,
          1,
          1,
          1,
          null,
          null,
          1,
          1,
          1,
          1,
          1,
          1,
          1,
          1,
          1,
          1,
          1,
          1,
          null,
          1,
          1,
          null,
          null,
          1,
          null,
          1,
          null,
          1,
          null,
          1,
          null
        ]
      },
      "/Users/jmilam/Desktop/rails/workout_randomizer/app/models/user.rb": {
        "lines": [
          1,
          1,
          null,
          1,
          1,
          1,
          1,
          1,
          1,
          1,
          1,
          null,
          1,
          null,
          null,
          1,
          null,
          null,
          1,
          1,
          1,
          1,
          null,
          1,
          null,
          null,
          null,
          null,
          1,
          null,
          1,
          null,
          null,
          null,
          null,
          null,
          null,
          1,
          null,
          null,
          null,
          null,
          1,
          1,
          null,
          1,
          0,
          null,
          0,
          null,
          0,
          null,
          0,
          null,
          null,
          null,
          1,
          0,
          0,
          0,
          null,
          0,
          null,
          1,
          1,
          1,
          1,
          null,
          1,
          null,
          null,
          1,
          0,
          0,
          0,
          0,
          null,
          0,
          null,
          null,
          null,
          1,
          0,
          null,
          null,
          1,
          1,
          0,
          1,
          1,
          null,
          0,
          null,
          null,
          null,
          1,
          0,
          null,
          null,
          null,
          1,
          0,
          null,
          null,
          null,
          1,
          0,
          null,
          null,
          1,
          0,
          0,
          null,
          null,
          1,
          2,
          0,
          null,
          null,
          1,
          0,
          null,
          0,
          null,
          null,
          1,
          0,
          0,
          null,
          null,
          null,
          null,
          null,
          0,
          null,
          null,
          null
        ]
      },
      "/Users/jmilam/Desktop/rails/workout_randomizer/app/models/application_record.rb": {
        "lines": [
          1,
          1,
          null
        ]
      },
      "/Users/jmilam/Desktop/rails/workout_randomizer/app/helpers/admin_portal_helper.rb": {
        "lines": [
          1,
          null
        ]
      },
      "/Users/jmilam/Desktop/rails/workout_randomizer/app/helpers/application_helper.rb": {
        "lines": [
          1,
          null
        ]
      },
      "/Users/jmilam/Desktop/rails/workout_randomizer/app/helpers/blog_helper.rb": {
        "lines": [
          1,
          null
        ]
      },
      "/Users/jmilam/Desktop/rails/workout_randomizer/app/helpers/category_helper.rb": {
        "lines": [
          1,
          null
        ]
      },
      "/Users/jmilam/Desktop/rails/workout_randomizer/app/helpers/common_exercise_helper.rb": {
        "lines": [
          1,
          null
        ]
      },
      "/Users/jmilam/Desktop/rails/workout_randomizer/app/helpers/exercise_helper.rb": {
        "lines": [
          1,
          null
        ]
      },
      "/Users/jmilam/Desktop/rails/workout_randomizer/app/helpers/gaol_helper.rb": {
        "lines": [
          1,
          null
        ]
      },
      "/Users/jmilam/Desktop/rails/workout_randomizer/app/helpers/home_helper.rb": {
        "lines": [
          1,
          null
        ]
      },
      "/Users/jmilam/Desktop/rails/workout_randomizer/app/helpers/inbox_helper.rb": {
        "lines": [
          1,
          null
        ]
      },
      "/Users/jmilam/Desktop/rails/workout_randomizer/app/helpers/kiosk_helper.rb": {
        "lines": [
          1,
          null
        ]
      },
      "/Users/jmilam/Desktop/rails/workout_randomizer/app/helpers/profile_helper.rb": {
        "lines": [
          1,
          1,
          0,
          0,
          0,
          null,
          0,
          null,
          null,
          null,
          1,
          0,
          null,
          null
        ]
      },
      "/Users/jmilam/Desktop/rails/workout_randomizer/app/helpers/time_card_controller_helper.rb": {
        "lines": [
          1,
          null
        ]
      },
      "/Users/jmilam/Desktop/rails/workout_randomizer/app/helpers/user_helper.rb": {
        "lines": [
          1,
          null
        ]
      },
      "/Users/jmilam/Desktop/rails/workout_randomizer/app/helpers/workout_helper.rb": {
        "lines": [
          1,
          null
        ]
      },
      "/Users/jmilam/Desktop/rails/workout_randomizer/app/models/gym.rb": {
        "lines": [
          1,
          1,
          1,
          1,
          1,
          1,
          1,
          1,
          1,
          1,
          1,
          1,
          null,
          1,
          1,
          null,
          null,
          null,
          null,
          1,
          null,
          1,
          null,
          1,
          1,
          null,
          null,
          1,
          0,
          null,
          0,
          0,
          null,
          0,
          0,
          null,
          null,
          null
        ]
      },
      "/Users/jmilam/Desktop/rails/workout_randomizer/app/models/workout.rb": {
        "lines": [
          1,
          1,
          null,
          1,
          1,
          1,
          1,
          null,
          1,
          1,
          1,
          1,
          1,
          null,
          1,
          1,
          null,
          1,
          0,
          null,
          null,
          null,
          null,
          0,
          0,
          null,
          0,
          null,
          null,
          0,
          null,
          null,
          1,
          0,
          null,
          null,
          1,
          null,
          0,
          0,
          null,
          0,
          null,
          null,
          null,
          1,
          0,
          0,
          null,
          null,
          null,
          1,
          0,
          0,
          0,
          null,
          null,
          null,
          1,
          0,
          null,
          null
        ]
      },
      "/Users/jmilam/Desktop/rails/workout_randomizer/app/models/concerns/shared_functions.rb": {
        "lines": [
          1,
          1,
          0,
          null,
          null
        ]
      },
      "/Users/jmilam/Desktop/rails/workout_randomizer/app/models/category.rb": {
        "lines": [
          1,
          1,
          1,
          1,
          1,
          null,
          1,
          null,
          null,
          null,
          null,
          null,
          null,
          null,
          null,
          null,
          1,
          null
        ]
      },
      "/Users/jmilam/Desktop/rails/workout_randomizer/app/models/exercise.rb": {
        "lines": [
          1,
          1,
          1,
          1,
          1,
          null,
          1,
          1,
          null,
          1,
          0,
          null,
          null,
          1,
          0,
          0,
          null,
          null,
          0,
          0,
          0,
          null,
          null,
          null,
          0,
          0,
          null,
          null,
          1,
          0,
          null,
          0,
          null,
          0,
          0,
          0,
          null,
          null,
          null,
          0,
          null,
          0,
          0,
          null,
          0,
          null,
          null,
          null
        ]
      },
      "/Users/jmilam/Desktop/rails/workout_randomizer/app/models/common_exercise.rb": {
        "lines": [
          1,
          1,
          1,
          1,
          1,
          1,
          1,
          null
        ]
      },
      "/Users/jmilam/Desktop/rails/workout_randomizer/app/models/common_equipment.rb": {
        "lines": [
          1,
          1,
          1,
          null
        ]
      },
      "/Users/jmilam/Desktop/rails/workout_randomizer/app/controllers/profile_controller.rb": {
        "lines": [
          1,
          1,
          1,
          1,
          1,
          1,
          null,
          null,
          1,
          null,
          1,
          null,
          1,
          1,
          null,
          1,
          null,
          null,
          1,
          0,
          0,
          0,
          0,
          0,
          0,
          0,
          0,
          0,
          0,
          0,
          null,
          null,
          1,
          0,
          null,
          0,
          null,
          0,
          0,
          null,
          0,
          null,
          0,
          null,
          null,
          1,
          null,
          1,
          0,
          null,
          null,
          null,
          null,
          null
        ]
      },
      "/Users/jmilam/Desktop/rails/workout_randomizer/app/controllers/application_controller.rb": {
        "lines": [
          1,
          1,
          1,
          null
        ]
      },
      "/Users/jmilam/Desktop/rails/workout_randomizer/app/models/workout_group.rb": {
        "lines": [
          1,
          1,
          1,
          1,
          1,
          null,
          1,
          null,
          null,
          null,
          null,
          null,
          null,
          null,
          null,
          null
        ]
      },
      "/Users/jmilam/Desktop/rails/workout_randomizer/app/models/wod.rb": {
        "lines": [
          1,
          1,
          null
        ]
      },
      "/Users/jmilam/Desktop/rails/workout_randomizer/app/models/gym_admin.rb": {
        "lines": [
          1,
          1,
          1,
          null
        ]
      },
      "/Users/jmilam/Desktop/rails/workout_randomizer/app/models/user_previous_workout.rb": {
        "lines": [
          1,
          1,
          1,
          null,
          1,
          1,
          null,
          1,
          1,
          null,
          1,
          0,
          null,
          0,
          0,
          0,
          null,
          0,
          0,
          0,
          0,
          0,
          0,
          null,
          0,
          null,
          0,
          0,
          0,
          0,
          0,
          null,
          null,
          null,
          0,
          null,
          null,
          null,
          null,
          0,
          null,
          null,
          1,
          0,
          null,
          0,
          0,
          null,
          null,
          0,
          0,
          0,
          null,
          null,
          0,
          null,
          null
        ]
      },
      "/Users/jmilam/Desktop/rails/workout_randomizer/app/models/workout_detail.rb": {
        "lines": [
          1,
          1,
          1,
          null,
          1,
          0,
          null,
          null,
          1,
          0,
          0,
          null,
          null
        ]
      }
    },
    "timestamp": 1586368323
  }
}
