{
  "RSpec": {
    "coverage": {
      "/Users/jmilam/Desktop/rails/workout_randomizer/config/environment.rb": [
        null,
        1,
        null,
        null,
        1
      ],
      "/Users/jmilam/Desktop/rails/workout_randomizer/config/application.rb": [
        1,
        null,
        1,
        null,
        null,
        null,
        1,
        null,
        1,
        1,
        null,
        1,
        null,
        null,
        null,
        null,
        1,
        1,
        null,
        null,
        null,
        null,
        null,
        null,
        null,
        null,
        null,
        null
      ],
      "/Users/jmilam/Desktop/rails/workout_randomizer/config/boot.rb": [
        1,
        null,
        1
      ],
      "/Users/jmilam/Desktop/rails/workout_randomizer/config/environments/test.rb": [
        1,
        null,
        null,
        null,
        null,
        null,
        null,
        1,
        null,
        null,
        null,
        null,
        1,
        null,
        null,
        1,
        1,
        null,
        null,
        null,
        null,
        1,
        1,
        null,
        null,
        1,
        null,
        null,
        1,
        1,
        null,
        null,
        null,
        null,
        1,
        null,
        null,
        1,
        null,
        null,
        null,
        null
      ],
      "/Users/jmilam/Desktop/rails/workout_randomizer/config/initializers/after_party.rb": [
        1,
        null,
        null,
        null,
        null,
        1,
        null
      ],
      "/Users/jmilam/Desktop/rails/workout_randomizer/config/initializers/application_controller_renderer.rb": [
        null,
        null,
        null,
        null,
        null,
        null,
        null,
        null
      ],
      "/Users/jmilam/Desktop/rails/workout_randomizer/config/initializers/assets.rb": [
        null,
        null,
        null,
        1,
        null,
        null,
        null,
        null,
        1,
        null,
        null,
        null,
        null,
        null,
        1
      ],
      "/Users/jmilam/Desktop/rails/workout_randomizer/config/initializers/backtrace_silencers.rb": [
        null,
        null,
        null,
        null,
        null,
        null,
        null
      ],
      "/Users/jmilam/Desktop/rails/workout_randomizer/config/initializers/cookies_serializer.rb": [
        null,
        null,
        null,
        null,
        1
      ],
      "/Users/jmilam/Desktop/rails/workout_randomizer/config/initializers/devise.rb": [
        null,
        null,
        null,
        null,
        1,
        null,
        null,
        null,
        null,
        null,
        1,
        null,
        null,
        null,
        null,
        null,
        null,
        null,
        null,
        1,
        null,
        null,
        null,
        null,
        null,
        null,
        null,
        null,
        null,
        null,
        null,
        1,
        null,
        null,
        null,
        null,
        null,
        null,
        null,
        null,
        null,
        null,
        null,
        null,
        null,
        null,
        null,
        null,
        null,
        null,
        null,
        null,
        null,
        1,
        null,
        null,
        null,
        null,
        1,
        null,
        null,
        null,
        null,
        null,
        null,
        null,
        null,
        null,
        null,
        null,
        null,
        null,
        null,
        null,
        null,
        null,
        null,
        null,
        null,
        null,
        null,
        null,
        null,
        null,
        null,
        null,
        null,
        null,
        null,
        1,
        null,
        null,
        null,
        null,
        null,
        null,
        null,
        null,
        null,
        null,
        null,
        null,
        null,
        null,
        null,
        null,
        null,
        null,
        null,
        null,
        null,
        null,
        1,
        null,
        null,
        null,
        null,
        null,
        null,
        null,
        null,
        null,
        null,
        null,
        null,
        null,
        null,
        null,
        null,
        null,
        null,
        null,
        null,
        null,
        null,
        null,
        null,
        null,
        null,
        null,
        null,
        null,
        null,
        1,
        null,
        null,
        null,
        null,
        null,
        null,
        null,
        null,
        null,
        1,
        null,
        null,
        null,
        null,
        null,
        null,
        null,
        null,
        null,
        null,
        1,
        null,
        null,
        null,
        null,
        1,
        null,
        null,
        null,
        null,
        null,
        null,
        null,
        null,
        null,
        null,
        null,
        null,
        null,
        null,
        null,
        null,
        null,
        null,
        null,
        null,
        null,
        null,
        null,
        null,
        null,
        null,
        null,
        null,
        null,
        null,
        null,
        null,
        null,
        null,
        null,
        null,
        null,
        null,
        null,
        null,
        1,
        null,
        null,
        null,
        null,
        null,
        null,
        null,
        null,
        null,
        null,
        null,
        null,
        null,
        null,
        null,
        null,
        null,
        null,
        null,
        null,
        null,
        null,
        null,
        null,
        null,
        null,
        null,
        null,
        null,
        null,
        null,
        null,
        null,
        null,
        null,
        null,
        null,
        null,
        null,
        null,
        null,
        1,
        null,
        null,
        null,
        null,
        null,
        null,
        null,
        null,
        null,
        null,
        null,
        null,
        null,
        null,
        null,
        null,
        null,
        null,
        null,
        null,
        null,
        null,
        null,
        null,
        null,
        null,
        null,
        null,
        null
      ],
      "/Users/jmilam/Desktop/rails/workout_randomizer/config/initializers/filter_parameter_logging.rb": [
        null,
        null,
        null,
        1
      ],
      "/Users/jmilam/Desktop/rails/workout_randomizer/config/initializers/inflections.rb": [
        null,
        null,
        null,
        null,
        null,
        null,
        null,
        null,
        null,
        null,
        null,
        null,
        null,
        null,
        null,
        null
      ],
      "/Users/jmilam/Desktop/rails/workout_randomizer/config/initializers/mime_types.rb": [
        null,
        null,
        null,
        null
      ],
      "/Users/jmilam/Desktop/rails/workout_randomizer/config/initializers/wrap_parameters.rb": [
        null,
        null,
        null,
        null,
        null,
        null,
        1,
        2,
        null,
        null,
        null,
        null,
        null,
        null
      ],
      "/Users/jmilam/Desktop/rails/workout_randomizer/spec/factories/blogs.rb": [
        1,
        1,
        null,
        null,
        null
      ],
      "/Users/jmilam/Desktop/rails/workout_randomizer/spec/factories/categories.rb": [
        1,
        1,
        1,
        1,
        null,
        null
      ],
      "/Users/jmilam/Desktop/rails/workout_randomizer/spec/factories/exercise_circuit.rb": [
        1,
        1,
        null,
        null
      ],
      "/Users/jmilam/Desktop/rails/workout_randomizer/spec/factories/exercises.rb": [
        1,
        1,
        1,
        null,
        1,
        1,
        null,
        null
      ],
      "/Users/jmilam/Desktop/rails/workout_randomizer/spec/factories/gym.rb": [
        1,
        1,
        1,
        1,
        1,
        1,
        1,
        1,
        null,
        null
      ],
      "/Users/jmilam/Desktop/rails/workout_randomizer/spec/factories/inboxes.rb": [
        1,
        1,
        null,
        null
      ],
      "/Users/jmilam/Desktop/rails/workout_randomizer/spec/factories/kiosks.rb": [
        1,
        1,
        null,
        null
      ],
      "/Users/jmilam/Desktop/rails/workout_randomizer/spec/factories/likes.rb": [
        1,
        1,
        null,
        null,
        null
      ],
      "/Users/jmilam/Desktop/rails/workout_randomizer/spec/factories/message_groups.rb": [
        1,
        1,
        null,
        null
      ],
      "/Users/jmilam/Desktop/rails/workout_randomizer/spec/factories/messages.rb": [
        1,
        1,
        null,
        null
      ],
      "/Users/jmilam/Desktop/rails/workout_randomizer/spec/factories/super_sets.rb": [
        1,
        1,
        null,
        null
      ],
      "/Users/jmilam/Desktop/rails/workout_randomizer/spec/factories/user.rb": [
        1,
        1,
        1,
        1,
        1,
        1,
        1,
        1,
        1,
        1,
        1,
        1,
        null,
        null
      ],
      "/Users/jmilam/Desktop/rails/workout_randomizer/spec/factories/user_previous_workouts.rb": [
        1,
        1,
        null,
        null
      ],
      "/Users/jmilam/Desktop/rails/workout_randomizer/spec/factories/wods.rb": [
        1,
        1,
        null,
        null,
        null
      ],
      "/Users/jmilam/Desktop/rails/workout_randomizer/spec/factories/workout_details.rb": [
        1,
        1,
        null,
        null
      ],
      "/Users/jmilam/Desktop/rails/workout_randomizer/spec/factories/workout_groups.rb": [
        1,
        1,
        1,
        1,
        null,
        null
      ],
      "/Users/jmilam/Desktop/rails/workout_randomizer/spec/factories/workouts.rb": [
        1,
        1,
        1,
        1,
        1,
        1,
        1,
        null,
        null
      ],
      "/Users/jmilam/Desktop/rails/workout_randomizer/config/routes.rb": [
        1,
        1,
        1,
        null,
        1,
        1,
        1,
        1,
        1,
        1,
        null,
        1,
        null,
        1,
        1,
        1,
        1,
        null,
        1,
        1,
        null,
        1,
        null,
        1,
        1,
        null,
        1,
        1,
        null,
        1,
        null,
        1,
        null,
        1,
        1,
        1,
        1,
        1,
        1,
        1,
        1,
        1,
        null,
        null,
        1,
        null
      ],
      "/Users/jmilam/Desktop/rails/workout_randomizer/app/models/user.rb": [
        1,
        1,
        1,
        1,
        1,
        1,
        null,
        null,
        1,
        null,
        null,
        1,
        1,
        null,
        1,
        null,
        1,
        null,
        null,
        null,
        null,
        null,
        1,
        null,
        null,
        null,
        null,
        1,
        null,
        1,
        3,
        3,
        3,
        null,
        3,
        null,
        null,
        1,
        3,
        0,
        3,
        3,
        null,
        0,
        null,
        null,
        null,
        1,
        0,
        0,
        null,
        null,
        1,
        0,
        null,
        null,
        null,
        1,
        0,
        null,
        null,
        1,
        0,
        0,
        null,
        null
      ],
      "/Users/jmilam/Desktop/rails/workout_randomizer/app/models/application_record.rb": [
        1,
        1,
        null
      ],
      "/Users/jmilam/Desktop/rails/workout_randomizer/app/helpers/admin_portal_helper.rb": [
        1,
        null
      ],
      "/Users/jmilam/Desktop/rails/workout_randomizer/app/helpers/application_helper.rb": [
        1,
        null
      ],
      "/Users/jmilam/Desktop/rails/workout_randomizer/app/helpers/blog_helper.rb": [
        1,
        null
      ],
      "/Users/jmilam/Desktop/rails/workout_randomizer/app/helpers/category_helper.rb": [
        1,
        null
      ],
      "/Users/jmilam/Desktop/rails/workout_randomizer/app/helpers/exercise_helper.rb": [
        1,
        null
      ],
      "/Users/jmilam/Desktop/rails/workout_randomizer/app/helpers/home_helper.rb": [
        1,
        null
      ],
      "/Users/jmilam/Desktop/rails/workout_randomizer/app/helpers/inbox_helper.rb": [
        1,
        null
      ],
      "/Users/jmilam/Desktop/rails/workout_randomizer/app/helpers/kiosk_helper.rb": [
        1,
        null
      ],
      "/Users/jmilam/Desktop/rails/workout_randomizer/app/helpers/profile_helper.rb": [
        1,
        1,
        0,
        0,
        0,
        null,
        0,
        null,
        null,
        null,
        1,
        0,
        null,
        null
      ],
      "/Users/jmilam/Desktop/rails/workout_randomizer/app/helpers/user_helper.rb": [
        1,
        null
      ],
      "/Users/jmilam/Desktop/rails/workout_randomizer/app/helpers/workout_helper.rb": [
        1,
        null
      ],
      "/Users/jmilam/Desktop/rails/workout_randomizer/app/models/gym.rb": [
        1,
        1,
        1,
        1,
        1,
        1,
        null,
        1,
        null,
        1,
        null,
        1,
        0,
        null,
        null
      ],
      "/Users/jmilam/Desktop/rails/workout_randomizer/app/models/category.rb": [
        1,
        1,
        1,
        null,
        1,
        null,
        1,
        null,
        null,
        null,
        null,
        null,
        null,
        null,
        null,
        null,
        1,
        null
      ],
      "/Users/jmilam/Desktop/rails/workout_randomizer/app/models/concerns/shared_functions.rb": [
        1,
        1,
        6,
        null,
        null
      ],
      "/Users/jmilam/Desktop/rails/workout_randomizer/app/models/workout.rb": [
        1,
        1,
        null,
        1,
        1,
        1,
        1,
        null,
        1,
        1,
        null,
        1,
        null,
        1,
        0,
        null,
        null,
        null,
        null,
        0,
        0,
        null,
        0,
        null,
        null,
        0,
        null,
        null,
        1,
        6,
        null,
        null,
        1,
        null,
        3,
        3,
        null,
        3,
        3,
        null,
        null,
        1,
        3,
        6,
        null,
        null,
        null,
        1,
        6,
        6,
        6,
        null,
        null,
        null
      ],
      "/Users/jmilam/Desktop/rails/workout_randomizer/app/models/workout_group.rb": [
        1,
        1,
        1,
        1,
        1,
        null,
        1,
        null,
        null,
        null,
        null,
        null,
        null,
        null,
        null,
        null
      ],
      "/Users/jmilam/Desktop/rails/workout_randomizer/app/controllers/profile_controller.rb": [
        1,
        1,
        null,
        1,
        3,
        3,
        3,
        null,
        3,
        0,
        null,
        null,
        3,
        0,
        0,
        null,
        null,
        0,
        null,
        null,
        null,
        0,
        null,
        null,
        null,
        0,
        null,
        null,
        0,
        null,
        0,
        0,
        null,
        null,
        null,
        3,
        null,
        3,
        3,
        null,
        3,
        null,
        3,
        0,
        0,
        0,
        0,
        null,
        0,
        0,
        0,
        null,
        null,
        0,
        0,
        0,
        0,
        null,
        0,
        null,
        null,
        null,
        null,
        null,
        3,
        3,
        null,
        null,
        1,
        0,
        0,
        0,
        0,
        null,
        null,
        1,
        0,
        null,
        0,
        0,
        0,
        null,
        0,
        0,
        null,
        null,
        null,
        1,
        null,
        1,
        0,
        null,
        null
      ],
      "/Users/jmilam/Desktop/rails/workout_randomizer/app/controllers/application_controller.rb": [
        1,
        1,
        1,
        null
      ],
      "/Users/jmilam/Desktop/rails/workout_randomizer/app/models/wod.rb": [
        1,
        1,
        null
      ],
      "/Users/jmilam/Desktop/rails/workout_randomizer/app/controllers/workout_controller.rb": [
        1,
        1,
        null,
        1,
        0,
        null,
        0,
        0,
        null,
        0,
        0,
        0,
        0,
        null,
        null,
        null,
        null,
        0,
        null,
        0,
        0,
        0,
        null,
        null,
        null,
        0,
        null,
        null,
        1,
        0,
        0,
        null,
        null,
        1,
        0,
        0,
        0,
        null,
        0,
        0,
        null,
        0,
        0,
        0,
        0,
        0,
        null,
        0,
        0,
        null,
        null,
        null,
        1,
        0,
        0,
        0,
        0,
        0,
        null,
        null,
        1,
        0,
        null,
        null,
        1,
        0,
        null,
        0,
        0,
        null,
        0,
        0,
        0,
        0,
        0,
        null,
        null,
        null,
        1,
        3,
        3,
        3,
        3,
        null,
        null,
        1,
        0,
        null,
        0,
        null,
        null,
        1,
        0,
        0,
        null,
        0,
        0,
        0,
        0,
        0,
        0,
        0,
        0,
        null,
        0,
        0,
        null,
        null,
        null,
        1,
        0,
        0,
        null,
        0,
        0,
        null,
        null,
        0,
        null,
        0,
        null,
        null,
        1,
        0,
        0,
        0,
        0,
        0,
        null,
        0,
        null,
        0,
        0,
        null,
        0,
        0,
        null,
        null,
        1,
        null,
        1,
        0,
        null,
        null
      ],
      "/Users/jmilam/Desktop/rails/workout_randomizer/app/models/exercise.rb": [
        1,
        1,
        null,
        1,
        null,
        1,
        null,
        1,
        0,
        null,
        null,
        1,
        0,
        0,
        null,
        null,
        0,
        0,
        0,
        null,
        null,
        null,
        0,
        0,
        null,
        null,
        1,
        0,
        null,
        0,
        null,
        0,
        0,
        null,
        null,
        0,
        null,
        0,
        0,
        0,
        null,
        0,
        null,
        null,
        null
      ],
      "/Users/jmilam/Desktop/rails/workout_randomizer/app/models/like.rb": [
        1,
        1,
        null,
        1,
        null,
        1,
        null
      ]
    },
    "timestamp": 1544624931
  }
}
